
ASEM-51 V1.3                                         Copyright (c) 2002 by W.W. Heinz                                         PAGE 1





       MCS-51 Family Macro Assembler   A S E M - 5 1   V 1.3
       =====================================================



	Source File:	C:\Users\Lenovo\OneDrive - iut-dhaka.edu\7th Semester\EEE 4706\Lab 2\Assignment\code.asm
	Object File:	C:\Users\Lenovo\OneDrive - iut-dhaka.edu\7th Semester\EEE 4706\Lab 2\Assignment\code.hex
	List File:	C:\Users\Lenovo\OneDrive - iut-dhaka.edu\7th Semester\EEE 4706\Lab 2\Assignment\code.lst



 Line  I  Addr  Code            Source

    1:		N      0000	org 00h
    2:	  0000	90 03 00	mov dptr,#mydata
    3:
    4:	  0003			start:
    5:	  0003	79 00			mov r1,#00d
    6:	  0005			display1:
    7:	  0005	78 00			mov r0,#00d
    8:	  0007			display:
    9:	  0007	11 13			acall show
   10:	  0009	08			inc r0
   11:	  000A	B8 0A FA		cjne r0,#10d,display
   12:	  000D	09			inc r1
   13:	  000E	B9 0A F4		cjne r1,#10d,display1
   14:	  0011	80 F0			sjmp start
   15:
   16:	  0013			show:
   17:	  0013	E8			mov a,r0
   18:	  0014	93			movc a,@a+dptr
   19:	  0015	C4			swap a
   20:	  0016	FB			mov r3,a
   21:	  0017	E9			mov a,r1
   22:	  0018	93			movc a,@a+dptr
   23:	  0019	4B			orl a,r3
   24:	  001A	C4			swap a
   25:	  001B	F5 90			mov p1,a
   26:
   27:	  001D			delay:
   28:	  001D	AA 64			mov r2,100
   29:	  001F	AB 64			again2: mov r3,100
   30:	  0021	DB FE			again1: djnz r3,again1
   31:	  0023	DA FA			djnz r2,again2
   32:	  0025	22			ret
   33:
   34:		N      0300	org 300h
   35:	  0300	00 01 02 03	mydata: db 0h,1h, 2h, 3h, 4h, 5h, 6h, 7h, 8h, 9h
	  0304	04 05 06 07
	  0308	08 09
   36:				end






ASEM-51 V1.3                                         Copyright (c) 2002 by W.W. Heinz                                         PAGE 2



                     register banks used:  ---

                     no errors




ASEM-51 V1.3                                         Copyright (c) 2002 by W.W. Heinz                                         PAGE 3





	       L I S T   O F   S Y M B O L S
	       =============================


SYMBOL				  TYPE     VALUE	LINE
------------------------------------------------------------
??ASEM_51			  NUMBER    8051
??VERSION			  NUMBER    0130
AC				  BIT	      D6
ACC				  DATA	      E0
AGAIN1				  CODE	    0021	  30
AGAIN2				  CODE	    001F	  29
B				  DATA	      F0
CY				  BIT	      D7
DELAY				  CODE	    001D	  27
DISPLAY				  CODE	    0007	   8
DISPLAY1			  CODE	    0005	   6
DPH				  DATA	      83
DPL				  DATA	      82
EA				  BIT	      AF
ES				  BIT	      AC
ET0				  BIT	      A9
ET1				  BIT	      AB
EX0				  BIT	      A8
EX1				  BIT	      AA
EXTI0				  CODE	    0003
EXTI1				  CODE	    0013
F0				  BIT	      D5
IE				  DATA	      A8
IE0				  BIT	      89
IE1				  BIT	      8B
INT0				  BIT	      B2
INT1				  BIT	      B3
IP				  DATA	      B8
IT0				  BIT	      88
IT1				  BIT	      8A
MYDATA				  CODE	    0300	  35
OV				  BIT	      D2
P				  BIT	      D0
P0				  DATA	      80
P1				  DATA	      90
P2				  DATA	      A0
P3				  DATA	      B0
PCON				  DATA	      87
PS				  BIT	      BC
PSW				  DATA	      D0
PT0				  BIT	      B9
PT1				  BIT	      BB
PX0				  BIT	      B8
PX1				  BIT	      BA
RB8				  BIT	      9A
RD				  BIT	      B7
REN				  BIT	      9C
RESET				  CODE	    0000
RI				  BIT	      98
RS0				  BIT	      D3

ASEM-51 V1.3                                         Copyright (c) 2002 by W.W. Heinz                                         PAGE 4



SYMBOL				  TYPE     VALUE	LINE
------------------------------------------------------------
RS1				  BIT	      D4
RXD				  BIT	      B0
SBUF				  DATA	      99
SCON				  DATA	      98
SHOW				  CODE	    0013	  16
SINT				  CODE	    0023
SM0				  BIT	      9F
SM1				  BIT	      9E
SM2				  BIT	      9D
SP				  DATA	      81
START				  CODE	    0003	   4
T0				  BIT	      B4
T1				  BIT	      B5
TB8				  BIT	      9B
TCON				  DATA	      88
TF0				  BIT	      8D
TF1				  BIT	      8F
TH0				  DATA	      8C
TH1				  DATA	      8D
TI				  BIT	      99
TIMER0				  CODE	    000B
TIMER1				  CODE	    001B
TL0				  DATA	      8A
TL1				  DATA	      8B
TMOD				  DATA	      89
TR0				  BIT	      8C
TR1				  BIT	      8E
TXD				  BIT	      B1
WR				  BIT	      B6
